{"/home/farah/best-price/src/database/queries/query.js":{"path":"/home/farah/best-price/src/database/queries/query.js","s":{"1":1,"2":1,"3":9,"4":9,"5":9,"6":0,"7":9,"8":1},"b":{"1":[0,9]},"f":{},"fnMap":{},"statementMap":{"1":{"start":{"line":1,"column":0},"end":{"line":1,"column":47}},"2":{"start":{"line":3,"column":0},"end":{"line":8,"column":3}},"3":{"start":{"line":3,"column":21},"end":{"line":8,"column":2}},"4":{"start":{"line":4,"column":2},"end":{"line":7,"column":5}},"5":{"start":{"line":5,"column":4},"end":{"line":5,"column":25}},"6":{"start":{"line":5,"column":13},"end":{"line":5,"column":25}},"7":{"start":{"line":6,"column":4},"end":{"line":6,"column":17}},"8":{"start":{"line":10,"column":0},"end":{"line":10,"column":23}}},"branchMap":{"1":{"line":5,"type":"if","locations":[{"start":{"line":5,"column":4},"end":{"line":5,"column":4}},{"start":{"line":5,"column":4},"end":{"line":5,"column":4}}]}}},"/home/farah/best-price/src/database/db_connection.js":{"path":"/home/farah/best-price/src/database/db_connection.js","s":{"1":1,"2":1,"3":1,"4":1,"5":1,"6":1,"7":0,"8":1},"b":{"1":[1,0],"2":[0,1]},"f":{},"fnMap":{},"statementMap":{"1":{"start":{"line":1,"column":0},"end":{"line":1,"column":31}},"2":{"start":{"line":2,"column":0},"end":{"line":2,"column":32}},"3":{"start":{"line":4,"column":0},"end":{"line":4,"column":31}},"4":{"start":{"line":6,"column":0},"end":{"line":6,"column":69}},"5":{"start":{"line":6,"column":37},"end":{"line":6,"column":69}},"6":{"start":{"line":7,"column":0},"end":{"line":7,"column":50}},"7":{"start":{"line":7,"column":12},"end":{"line":7,"column":50}},"8":{"start":{"line":9,"column":0},"end":{"line":12,"column":3}}},"branchMap":{"1":{"line":6,"type":"if","locations":[{"start":{"line":6,"column":0},"end":{"line":6,"column":0}},{"start":{"line":6,"column":0},"end":{"line":6,"column":0}}]},"2":{"line":7,"type":"if","locations":[{"start":{"line":7,"column":0},"end":{"line":7,"column":0}},{"start":{"line":7,"column":0},"end":{"line":7,"column":0}}]}}},"/home/farah/best-price/src/database/sql_commands.js":{"path":"/home/farah/best-price/src/database/sql_commands.js","s":{"1":1,"2":1,"3":1,"4":1,"5":6,"6":6,"7":6,"8":6,"9":6,"10":6,"11":6,"12":6,"13":1,"14":6,"15":3,"16":6,"17":1,"18":6,"19":5,"20":6,"21":2,"22":6,"23":0,"24":6,"25":0,"26":6,"27":1,"28":6,"29":0,"30":6,"31":0,"32":6,"33":0,"34":6,"35":0,"36":6,"37":6,"38":6,"39":6,"40":6,"41":6,"42":6,"43":6,"44":6,"45":6,"46":4,"47":1,"48":3,"49":3,"50":0,"51":0,"52":6,"53":1,"54":1,"55":1,"56":0,"57":1,"58":0,"59":6,"60":1,"61":6,"62":2,"63":6,"64":2,"65":6,"66":1},"b":{"1":[6,0],"2":[6,6],"3":[1,5],"4":[3,3],"5":[1,5],"6":[5,1],"7":[2,4],"8":[0,6],"9":[0,6],"10":[1,5],"11":[0,6],"12":[0,6],"13":[0,6],"14":[0,6],"15":[4,2],"16":[1,3],"17":[3,0],"18":[0,0],"19":[1,5],"20":[1,0],"21":[1,1],"22":[0,1],"23":[1,1],"24":[0,1],"25":[1,1],"26":[1,5],"27":[2,4],"28":[2,4]},"f":{},"fnMap":{},"statementMap":{"1":{"start":{"line":1,"column":0},"end":{"line":1,"column":25}},"2":{"start":{"line":2,"column":0},"end":{"line":2,"column":29}},"3":{"start":{"line":3,"column":0},"end":{"line":6,"column":2}},"4":{"start":{"line":8,"column":0},"end":{"line":68,"column":2}},"5":{"start":{"line":9,"column":2},"end":{"line":9,"column":23}},"6":{"start":{"line":10,"column":2},"end":{"line":10,"column":23}},"7":{"start":{"line":11,"column":2},"end":{"line":11,"column":22}},"8":{"start":{"line":12,"column":2},"end":{"line":12,"column":26}},"9":{"start":{"line":13,"column":2},"end":{"line":13,"column":23}},"10":{"start":{"line":15,"column":2},"end":{"line":66,"column":3}},"11":{"start":{"line":16,"column":4},"end":{"line":16,"column":54}},"12":{"start":{"line":17,"column":4},"end":{"line":17,"column":64}},"13":{"start":{"line":17,"column":31},"end":{"line":17,"column":64}},"14":{"start":{"line":18,"column":4},"end":{"line":18,"column":82}},"15":{"start":{"line":18,"column":31},"end":{"line":18,"column":82}},"16":{"start":{"line":19,"column":4},"end":{"line":19,"column":64}},"17":{"start":{"line":19,"column":31},"end":{"line":19,"column":64}},"18":{"start":{"line":21,"column":4},"end":{"line":21,"column":66}},"19":{"start":{"line":21,"column":31},"end":{"line":21,"column":66}},"20":{"start":{"line":22,"column":4},"end":{"line":22,"column":67}},"21":{"start":{"line":22,"column":31},"end":{"line":22,"column":67}},"22":{"start":{"line":23,"column":4},"end":{"line":23,"column":66}},"23":{"start":{"line":23,"column":31},"end":{"line":23,"column":66}},"24":{"start":{"line":24,"column":4},"end":{"line":24,"column":67}},"25":{"start":{"line":24,"column":31},"end":{"line":24,"column":67}},"26":{"start":{"line":26,"column":4},"end":{"line":26,"column":74}},"27":{"start":{"line":26,"column":31},"end":{"line":26,"column":74}},"28":{"start":{"line":27,"column":4},"end":{"line":27,"column":73}},"29":{"start":{"line":27,"column":31},"end":{"line":27,"column":73}},"30":{"start":{"line":28,"column":4},"end":{"line":28,"column":87}},"31":{"start":{"line":28,"column":31},"end":{"line":28,"column":87}},"32":{"start":{"line":29,"column":4},"end":{"line":29,"column":80}},"33":{"start":{"line":29,"column":31},"end":{"line":29,"column":80}},"34":{"start":{"line":30,"column":4},"end":{"line":30,"column":74}},"35":{"start":{"line":30,"column":31},"end":{"line":30,"column":74}},"36":{"start":{"line":32,"column":4},"end":{"line":32,"column":46}},"37":{"start":{"line":33,"column":4},"end":{"line":33,"column":28}},"38":{"start":{"line":34,"column":4},"end":{"line":34,"column":48}},"39":{"start":{"line":36,"column":4},"end":{"line":36,"column":44}},"40":{"start":{"line":37,"column":4},"end":{"line":37,"column":27}},"41":{"start":{"line":38,"column":4},"end":{"line":38,"column":46}},"42":{"start":{"line":40,"column":4},"end":{"line":40,"column":52}},"43":{"start":{"line":41,"column":4},"end":{"line":41,"column":31}},"44":{"start":{"line":42,"column":4},"end":{"line":42,"column":54}},"45":{"start":{"line":44,"column":4},"end":{"line":48,"column":5}},"46":{"start":{"line":45,"column":6},"end":{"line":47,"column":89}},"47":{"start":{"line":45,"column":32},"end":{"line":45,"column":81}},"48":{"start":{"line":46,"column":11},"end":{"line":47,"column":89}},"49":{"start":{"line":46,"column":37},"end":{"line":46,"column":85}},"50":{"start":{"line":47,"column":11},"end":{"line":47,"column":89}},"51":{"start":{"line":47,"column":37},"end":{"line":47,"column":89}},"52":{"start":{"line":50,"column":4},"end":{"line":60,"column":5}},"53":{"start":{"line":51,"column":6},"end":{"line":53,"column":7}},"54":{"start":{"line":52,"column":8},"end":{"line":52,"column":134}},"55":{"start":{"line":54,"column":6},"end":{"line":56,"column":7}},"56":{"start":{"line":55,"column":8},"end":{"line":55,"column":138}},"57":{"start":{"line":57,"column":6},"end":{"line":59,"column":7}},"58":{"start":{"line":58,"column":8},"end":{"line":58,"column":137}},"59":{"start":{"line":62,"column":4},"end":{"line":62,"column":223}},"60":{"start":{"line":62,"column":42},"end":{"line":62,"column":223}},"61":{"start":{"line":64,"column":4},"end":{"line":64,"column":67}},"62":{"start":{"line":64,"column":36},"end":{"line":64,"column":67}},"63":{"start":{"line":65,"column":4},"end":{"line":65,"column":67}},"64":{"start":{"line":65,"column":36},"end":{"line":65,"column":67}},"65":{"start":{"line":67,"column":2},"end":{"line":67,"column":21}},"66":{"start":{"line":71,"column":0},"end":{"line":71,"column":37}}},"branchMap":{"1":{"line":15,"type":"if","locations":[{"start":{"line":15,"column":2},"end":{"line":15,"column":2}},{"start":{"line":15,"column":2},"end":{"line":15,"column":2}}]},"2":{"line":15,"type":"binary-expr","locations":[{"start":{"line":15,"column":6},"end":{"line":15,"column":24}},{"start":{"line":15,"column":28},"end":{"line":15,"column":44}}]},"3":{"line":17,"type":"if","locations":[{"start":{"line":17,"column":4},"end":{"line":17,"column":4}},{"start":{"line":17,"column":4},"end":{"line":17,"column":4}}]},"4":{"line":18,"type":"if","locations":[{"start":{"line":18,"column":4},"end":{"line":18,"column":4}},{"start":{"line":18,"column":4},"end":{"line":18,"column":4}}]},"5":{"line":19,"type":"if","locations":[{"start":{"line":19,"column":4},"end":{"line":19,"column":4}},{"start":{"line":19,"column":4},"end":{"line":19,"column":4}}]},"6":{"line":21,"type":"if","locations":[{"start":{"line":21,"column":4},"end":{"line":21,"column":4}},{"start":{"line":21,"column":4},"end":{"line":21,"column":4}}]},"7":{"line":22,"type":"if","locations":[{"start":{"line":22,"column":4},"end":{"line":22,"column":4}},{"start":{"line":22,"column":4},"end":{"line":22,"column":4}}]},"8":{"line":23,"type":"if","locations":[{"start":{"line":23,"column":4},"end":{"line":23,"column":4}},{"start":{"line":23,"column":4},"end":{"line":23,"column":4}}]},"9":{"line":24,"type":"if","locations":[{"start":{"line":24,"column":4},"end":{"line":24,"column":4}},{"start":{"line":24,"column":4},"end":{"line":24,"column":4}}]},"10":{"line":26,"type":"if","locations":[{"start":{"line":26,"column":4},"end":{"line":26,"column":4}},{"start":{"line":26,"column":4},"end":{"line":26,"column":4}}]},"11":{"line":27,"type":"if","locations":[{"start":{"line":27,"column":4},"end":{"line":27,"column":4}},{"start":{"line":27,"column":4},"end":{"line":27,"column":4}}]},"12":{"line":28,"type":"if","locations":[{"start":{"line":28,"column":4},"end":{"line":28,"column":4}},{"start":{"line":28,"column":4},"end":{"line":28,"column":4}}]},"13":{"line":29,"type":"if","locations":[{"start":{"line":29,"column":4},"end":{"line":29,"column":4}},{"start":{"line":29,"column":4},"end":{"line":29,"column":4}}]},"14":{"line":30,"type":"if","locations":[{"start":{"line":30,"column":4},"end":{"line":30,"column":4}},{"start":{"line":30,"column":4},"end":{"line":30,"column":4}}]},"15":{"line":44,"type":"if","locations":[{"start":{"line":44,"column":4},"end":{"line":44,"column":4}},{"start":{"line":44,"column":4},"end":{"line":44,"column":4}}]},"16":{"line":45,"type":"if","locations":[{"start":{"line":45,"column":6},"end":{"line":45,"column":6}},{"start":{"line":45,"column":6},"end":{"line":45,"column":6}}]},"17":{"line":46,"type":"if","locations":[{"start":{"line":46,"column":11},"end":{"line":46,"column":11}},{"start":{"line":46,"column":11},"end":{"line":46,"column":11}}]},"18":{"line":47,"type":"if","locations":[{"start":{"line":47,"column":11},"end":{"line":47,"column":11}},{"start":{"line":47,"column":11},"end":{"line":47,"column":11}}]},"19":{"line":50,"type":"if","locations":[{"start":{"line":50,"column":4},"end":{"line":50,"column":4}},{"start":{"line":50,"column":4},"end":{"line":50,"column":4}}]},"20":{"line":51,"type":"if","locations":[{"start":{"line":51,"column":6},"end":{"line":51,"column":6}},{"start":{"line":51,"column":6},"end":{"line":51,"column":6}}]},"21":{"line":51,"type":"binary-expr","locations":[{"start":{"line":51,"column":10},"end":{"line":51,"column":30}},{"start":{"line":51,"column":34},"end":{"line":51,"column":54}}]},"22":{"line":54,"type":"if","locations":[{"start":{"line":54,"column":6},"end":{"line":54,"column":6}},{"start":{"line":54,"column":6},"end":{"line":54,"column":6}}]},"23":{"line":54,"type":"binary-expr","locations":[{"start":{"line":54,"column":10},"end":{"line":54,"column":30}},{"start":{"line":54,"column":34},"end":{"line":54,"column":54}}]},"24":{"line":57,"type":"if","locations":[{"start":{"line":57,"column":6},"end":{"line":57,"column":6}},{"start":{"line":57,"column":6},"end":{"line":57,"column":6}}]},"25":{"line":57,"type":"binary-expr","locations":[{"start":{"line":57,"column":10},"end":{"line":57,"column":30}},{"start":{"line":57,"column":34},"end":{"line":57,"column":54}}]},"26":{"line":62,"type":"if","locations":[{"start":{"line":62,"column":4},"end":{"line":62,"column":4}},{"start":{"line":62,"column":4},"end":{"line":62,"column":4}}]},"27":{"line":64,"type":"if","locations":[{"start":{"line":64,"column":4},"end":{"line":64,"column":4}},{"start":{"line":64,"column":4},"end":{"line":64,"column":4}}]},"28":{"line":65,"type":"if","locations":[{"start":{"line":65,"column":4},"end":{"line":65,"column":4}},{"start":{"line":65,"column":4},"end":{"line":65,"column":4}}]}}},"/home/farah/best-price/src/app.js":{"path":"/home/farah/best-price/src/app.js","s":{"1":1,"2":1,"3":1,"4":1,"5":1,"6":1,"7":1,"8":1,"9":1,"10":1,"11":1,"12":1,"13":1,"14":1},"b":{"1":[1,0]},"f":{},"fnMap":{},"statementMap":{"1":{"start":{"line":1,"column":0},"end":{"line":1,"column":35}},"2":{"start":{"line":2,"column":0},"end":{"line":2,"column":45}},"3":{"start":{"line":3,"column":0},"end":{"line":3,"column":29}},"4":{"start":{"line":4,"column":0},"end":{"line":4,"column":42}},"5":{"start":{"line":5,"column":0},"end":{"line":5,"column":46}},"6":{"start":{"line":6,"column":0},"end":{"line":6,"column":46}},"7":{"start":{"line":8,"column":0},"end":{"line":8,"column":22}},"8":{"start":{"line":10,"column":0},"end":{"line":10,"column":48}},"9":{"start":{"line":11,"column":0},"end":{"line":11,"column":30}},"10":{"start":{"line":12,"column":0},"end":{"line":20,"column":2}},"11":{"start":{"line":22,"column":0},"end":{"line":22,"column":62}},"12":{"start":{"line":23,"column":0},"end":{"line":23,"column":42}},"13":{"start":{"line":24,"column":0},"end":{"line":24,"column":16}},"14":{"start":{"line":27,"column":0},"end":{"line":27,"column":21}}},"branchMap":{"1":{"line":23,"type":"binary-expr","locations":[{"start":{"line":23,"column":16},"end":{"line":23,"column":32}},{"start":{"line":23,"column":36},"end":{"line":23,"column":40}}]}}},"/home/farah/best-price/src/controllers/index.js":{"path":"/home/farah/best-price/src/controllers/index.js","s":{"1":1,"2":1,"3":1,"4":1,"5":1,"6":1,"7":1,"8":1},"b":{},"f":{},"fnMap":{},"statementMap":{"1":{"start":{"line":1,"column":0},"end":{"line":1,"column":35}},"2":{"start":{"line":2,"column":0},"end":{"line":2,"column":32}},"3":{"start":{"line":3,"column":0},"end":{"line":3,"column":43}},"4":{"start":{"line":4,"column":0},"end":{"line":4,"column":32}},"5":{"start":{"line":6,"column":0},"end":{"line":6,"column":45}},"6":{"start":{"line":7,"column":0},"end":{"line":7,"column":50}},"7":{"start":{"line":8,"column":0},"end":{"line":8,"column":26}},"8":{"start":{"line":11,"column":0},"end":{"line":11,"column":24}}},"branchMap":{}},"/home/farah/best-price/src/controllers/categories.js":{"path":"/home/farah/best-price/src/controllers/categories.js","s":{"1":1,"2":1,"3":1,"4":0,"5":0,"6":0,"7":0,"8":0,"9":1,"10":0,"11":0,"12":0},"b":{"1":[0,0]},"f":{},"fnMap":{},"statementMap":{"1":{"start":{"line":1,"column":0},"end":{"line":1,"column":51}},"2":{"start":{"line":2,"column":0},"end":{"line":2,"column":64}},"3":{"start":{"line":4,"column":0},"end":{"line":18,"column":2}},"4":{"start":{"line":5,"column":2},"end":{"line":17,"column":99}},"5":{"start":{"line":6,"column":4},"end":{"line":16,"column":5}},"6":{"start":{"line":7,"column":6},"end":{"line":10,"column":9}},"7":{"start":{"line":12,"column":6},"end":{"line":15,"column":9}},"8":{"start":{"line":17,"column":18},"end":{"line":17,"column":97}},"9":{"start":{"line":20,"column":0},"end":{"line":26,"column":2}},"10":{"start":{"line":21,"column":2},"end":{"line":25,"column":36}},"11":{"start":{"line":22,"column":4},"end":{"line":24,"column":7}},"12":{"start":{"line":25,"column":18},"end":{"line":25,"column":34}}},"branchMap":{"1":{"line":6,"type":"if","locations":[{"start":{"line":6,"column":4},"end":{"line":6,"column":4}},{"start":{"line":6,"column":4},"end":{"line":6,"column":4}}]}}},"/home/farah/best-price/src/controllers/women.js":{"path":"/home/farah/best-price/src/controllers/women.js","s":{"1":1,"2":1},"b":{},"f":{},"fnMap":{},"statementMap":{"1":{"start":{"line":1,"column":0},"end":{"line":3,"column":2}},"2":{"start":{"line":2,"column":2},"end":{"line":2,"column":66}}},"branchMap":{}}}