TN:
SF:/home/farah/best-price/src/database/queries/query.js
FNF:0
FNH:0
DA:1,1
DA:3,9
DA:4,9
DA:5,9
DA:6,9
DA:10,1
LF:6
LH:6
BRDA:5,1,0,0
BRDA:5,1,1,9
BRF:2
BRH:1
end_of_record
TN:
SF:/home/farah/best-price/src/database/db_connection.js
FNF:0
FNH:0
DA:1,1
DA:2,1
DA:4,1
DA:6,1
DA:7,1
DA:9,1
LF:6
LH:6
BRDA:6,1,0,0
BRDA:6,1,1,1
BRDA:7,2,0,0
BRDA:7,2,1,1
BRF:4
BRH:2
end_of_record
TN:
SF:/home/farah/best-price/src/database/sql_commands.js
FNF:0
FNH:0
DA:1,1
DA:2,1
DA:3,1
DA:8,1
DA:9,6
DA:10,6
DA:11,6
DA:12,6
DA:13,6
DA:15,6
DA:16,6
DA:17,6
DA:18,6
DA:19,6
DA:21,6
DA:22,6
DA:23,6
DA:24,6
DA:26,6
DA:27,6
DA:28,6
DA:29,6
DA:30,6
DA:32,6
DA:33,6
DA:34,6
DA:36,6
DA:37,6
DA:38,6
DA:40,6
DA:41,6
DA:42,6
DA:44,6
DA:45,4
DA:46,3
DA:47,0
DA:50,6
DA:51,1
DA:52,1
DA:54,1
DA:55,0
DA:57,1
DA:58,0
DA:62,6
DA:64,6
DA:65,6
DA:67,6
DA:71,1
LF:48
LH:45
BRDA:15,1,0,6
BRDA:15,1,1,0
BRDA:15,2,0,6
BRDA:15,2,1,6
BRDA:17,3,0,1
BRDA:17,3,1,5
BRDA:18,4,0,3
BRDA:18,4,1,3
BRDA:19,5,0,1
BRDA:19,5,1,5
BRDA:21,6,0,5
BRDA:21,6,1,1
BRDA:22,7,0,2
BRDA:22,7,1,4
BRDA:23,8,0,0
BRDA:23,8,1,6
BRDA:24,9,0,0
BRDA:24,9,1,6
BRDA:26,10,0,1
BRDA:26,10,1,5
BRDA:27,11,0,0
BRDA:27,11,1,6
BRDA:28,12,0,0
BRDA:28,12,1,6
BRDA:29,13,0,0
BRDA:29,13,1,6
BRDA:30,14,0,0
BRDA:30,14,1,6
BRDA:44,15,0,4
BRDA:44,15,1,2
BRDA:45,16,0,1
BRDA:45,16,1,3
BRDA:46,17,0,3
BRDA:46,17,1,0
BRDA:47,18,0,0
BRDA:47,18,1,0
BRDA:50,19,0,1
BRDA:50,19,1,5
BRDA:51,20,0,1
BRDA:51,20,1,0
BRDA:51,21,0,1
BRDA:51,21,1,1
BRDA:54,22,0,0
BRDA:54,22,1,1
BRDA:54,23,0,1
BRDA:54,23,1,1
BRDA:57,24,0,0
BRDA:57,24,1,1
BRDA:57,25,0,1
BRDA:57,25,1,1
BRDA:62,26,0,1
BRDA:62,26,1,5
BRDA:64,27,0,2
BRDA:64,27,1,4
BRDA:65,28,0,2
BRDA:65,28,1,4
BRF:56
BRH:43
end_of_record
TN:
SF:/home/farah/best-price/src/controllers/index.js
FNF:0
FNH:0
DA:1,1
DA:2,1
DA:3,1
DA:4,1
DA:6,1
DA:7,1
DA:8,1
DA:11,1
LF:8
LH:8
BRF:0
BRH:0
end_of_record
TN:
SF:/home/farah/best-price/src/controllers/categories.js
FNF:0
FNH:0
DA:1,1
DA:2,1
DA:4,1
DA:5,0
DA:6,0
DA:7,0
DA:12,0
DA:17,0
DA:20,1
DA:21,0
DA:22,0
DA:25,0
LF:12
LH:4
BRDA:6,1,0,0
BRDA:6,1,1,0
BRF:2
BRH:0
end_of_record
TN:
SF:/home/farah/best-price/src/controllers/women.js
FNF:0
FNH:0
DA:1,1
DA:2,1
LF:2
LH:2
BRF:0
BRH:0
end_of_record
